{"/Users/apum/Futurice-Work/calculator-api/src/evaluate.ts": {"path":"/Users/apum/Futurice-Work/calculator-api/src/evaluate.ts","statementMap":{"0":{"start":{"line":14,"column":44},"end":{"line":14,"column":78}},"1":{"start":{"line":15,"column":19},"end":{"line":15,"column":42}},"2":{"start":{"line":16,"column":4},"end":{"line":18,"column":null}},"3":{"start":{"line":17,"column":8},"end":{"line":17,"column":70}},"4":{"start":{"line":19,"column":4},"end":{"line":21,"column":null}},"5":{"start":{"line":20,"column":8},"end":{"line":20,"column":59}},"6":{"start":{"line":22,"column":4},"end":{"line":22,"column":43}},"7":{"start":{"line":13,"column":0},"end":{"line":13,"column":16}},"8":{"start":{"line":27,"column":18},"end":{"line":27,"column":59}},"9":{"start":{"line":28,"column":30},"end":{"line":28,"column":32}},"10":{"start":{"line":30,"column":4},"end":{"line":32,"column":null}},"11":{"start":{"line":31,"column":6},"end":{"line":31,"column":29}},"12":{"start":{"line":33,"column":4},"end":{"line":33,"column":19}},"13":{"start":{"line":26,"column":0},"end":{"line":26,"column":16}},"14":{"start":{"line":38,"column":4},"end":{"line":51,"column":null}},"15":{"start":{"line":39,"column":8},"end":{"line":39,"column":49}},"16":{"start":{"line":41,"column":9},"end":{"line":51,"column":null}},"17":{"start":{"line":42,"column":8},"end":{"line":42,"column":51}},"18":{"start":{"line":44,"column":9},"end":{"line":51,"column":null}},"19":{"start":{"line":45,"column":8},"end":{"line":45,"column":75}},"20":{"start":{"line":46,"column":8},"end":{"line":46,"column":45}},"21":{"start":{"line":49,"column":8},"end":{"line":49,"column":79}},"22":{"start":{"line":50,"column":8},"end":{"line":50,"column":51}},"23":{"start":{"line":52,"column":4},"end":{"line":52,"column":28}},"24":{"start":{"line":58,"column":4},"end":{"line":58,"column":34}},"25":{"start":{"line":56,"column":0},"end":{"line":56,"column":16}},"26":{"start":{"line":62,"column":14},"end":{"line":62,"column":50}},"27":{"start":{"line":63,"column":4},"end":{"line":66,"column":null}},"28":{"start":{"line":64,"column":8},"end":{"line":64,"column":59}},"29":{"start":{"line":65,"column":8},"end":{"line":65,"column":51}},"30":{"start":{"line":67,"column":4},"end":{"line":67,"column":28}},"31":{"start":{"line":71,"column":14},"end":{"line":71,"column":50}},"32":{"start":{"line":72,"column":16},"end":{"line":72,"column":36}},"33":{"start":{"line":73,"column":16},"end":{"line":73,"column":38}},"34":{"start":{"line":74,"column":4},"end":{"line":77,"column":null}},"35":{"start":{"line":75,"column":8},"end":{"line":75,"column":59}},"36":{"start":{"line":76,"column":8},"end":{"line":76,"column":null}},"37":{"start":{"line":78,"column":4},"end":{"line":78,"column":28}},"38":{"start":{"line":83,"column":4},"end":{"line":83,"column":33}},"39":{"start":{"line":82,"column":0},"end":{"line":82,"column":16}},"40":{"start":{"line":88,"column":34},"end":{"line":88,"column":59}},"41":{"start":{"line":89,"column":4},"end":{"line":104,"column":null}},"42":{"start":{"line":91,"column":12},"end":{"line":91,"column":43}},"43":{"start":{"line":92,"column":12},"end":{"line":92,"column":18}},"44":{"start":{"line":94,"column":12},"end":{"line":94,"column":43}},"45":{"start":{"line":95,"column":12},"end":{"line":95,"column":18}},"46":{"start":{"line":97,"column":12},"end":{"line":97,"column":43}},"47":{"start":{"line":98,"column":12},"end":{"line":98,"column":18}},"48":{"start":{"line":100,"column":12},"end":{"line":100,"column":43}},"49":{"start":{"line":101,"column":12},"end":{"line":101,"column":18}},"50":{"start":{"line":103,"column":12},"end":{"line":103,"column":18}},"51":{"start":{"line":105,"column":4},"end":{"line":105,"column":14}},"52":{"start":{"line":87,"column":0},"end":{"line":87,"column":16}},"53":{"start":{"line":110,"column":4},"end":{"line":110,"column":43}},"54":{"start":{"line":109,"column":0},"end":{"line":109,"column":16}},"55":{"start":{"line":115,"column":17},"end":{"line":115,"column":53}},"56":{"start":{"line":116,"column":23},"end":{"line":116,"column":57}},"57":{"start":{"line":117,"column":24},"end":{"line":117,"column":58}},"58":{"start":{"line":118,"column":21},"end":{"line":118,"column":57}},"59":{"start":{"line":119,"column":6},"end":{"line":119,"column":56}},"60":{"start":{"line":120,"column":6},"end":{"line":120,"column":30}}},"fnMap":{"0":{"name":"calculate","decl":{"start":{"line":13,"column":16},"end":{"line":13,"column":25}},"loc":{"start":{"line":13,"column":44},"end":{"line":23,"column":1}}},"1":{"name":"splitTokens","decl":{"start":{"line":26,"column":16},"end":{"line":26,"column":27}},"loc":{"start":{"line":26,"column":46},"end":{"line":34,"column":3}}},"2":{"name":"evaluteExpression","decl":{"start":{"line":37,"column":9},"end":{"line":37,"column":26}},"loc":{"start":{"line":37,"column":75},"end":{"line":53,"column":1}}},"3":{"name":"isNumber","decl":{"start":{"line":56,"column":16},"end":{"line":56,"column":24}},"loc":{"start":{"line":56,"column":38},"end":{"line":59,"column":1}}},"4":{"name":"evaluateParanthesisExpression","decl":{"start":{"line":61,"column":9},"end":{"line":61,"column":38}},"loc":{"start":{"line":61,"column":72},"end":{"line":68,"column":1}}},"5":{"name":"evaluateOperatorExpression","decl":{"start":{"line":70,"column":9},"end":{"line":70,"column":35}},"loc":{"start":{"line":70,"column":84},"end":{"line":79,"column":1}}},"6":{"name":"peek","decl":{"start":{"line":82,"column":16},"end":{"line":82,"column":20}},"loc":{"start":{"line":82,"column":36},"end":{"line":84,"column":1}}},"7":{"name":"convertOperator","decl":{"start":{"line":87,"column":16},"end":{"line":87,"column":31}},"loc":{"start":{"line":87,"column":45},"end":{"line":106,"column":1}}},"8":{"name":"getPrecedence","decl":{"start":{"line":109,"column":16},"end":{"line":109,"column":29}},"loc":{"start":{"line":109,"column":80},"end":{"line":111,"column":1}}},"9":{"name":"applyOperator","decl":{"start":{"line":114,"column":9},"end":{"line":114,"column":22}},"loc":{"start":{"line":114,"column":56},"end":{"line":121,"column":1}}}},"branchMap":{"0":{"loc":{"start":{"line":38,"column":4},"end":{"line":51,"column":null}},"type":"if","locations":[{"start":{"line":38,"column":4},"end":{"line":51,"column":null}},{"start":{"line":38,"column":4},"end":{"line":51,"column":null}}]},"1":{"loc":{"start":{"line":41,"column":9},"end":{"line":51,"column":null}},"type":"if","locations":[{"start":{"line":41,"column":9},"end":{"line":51,"column":null}},{"start":{"line":41,"column":9},"end":{"line":51,"column":null}}]},"2":{"loc":{"start":{"line":44,"column":9},"end":{"line":51,"column":null}},"type":"if","locations":[{"start":{"line":44,"column":9},"end":{"line":51,"column":null}},{"start":{"line":44,"column":9},"end":{"line":51,"column":null}}]},"3":{"loc":{"start":{"line":63,"column":12},"end":{"line":63,"column":29}},"type":"binary-expr","locations":[{"start":{"line":63,"column":12},"end":{"line":63,"column":29}},{"start":{"line":63,"column":36},"end":{"line":63,"column":47}}]},"4":{"loc":{"start":{"line":74,"column":11},"end":{"line":74,"column":28}},"type":"binary-expr","locations":[{"start":{"line":74,"column":11},"end":{"line":74,"column":28}},{"start":{"line":74,"column":35},"end":{"line":74,"column":52}},{"start":{"line":74,"column":60},"end":{"line":74,"column":71}},{"start":{"line":74,"column":77},"end":{"line":74,"column":88}},{"start":{"line":74,"column":94},"end":{"line":74,"column":117}}]},"5":{"loc":{"start":{"line":90,"column":8},"end":{"line":92,"column":18}},"type":"switch","locations":[{"start":{"line":90,"column":8},"end":{"line":92,"column":18}},{"start":{"line":93,"column":8},"end":{"line":95,"column":18}},{"start":{"line":96,"column":8},"end":{"line":98,"column":18}},{"start":{"line":99,"column":8},"end":{"line":101,"column":18}},{"start":{"line":102,"column":8},"end":{"line":103,"column":18}}]}},"s":{"0":0,"1":0,"2":0,"3":0,"4":0,"5":0,"6":0,"7":1,"8":1,"9":1,"10":1,"11":3,"12":1,"13":1,"14":0,"15":0,"16":0,"17":0,"18":0,"19":0,"20":0,"21":0,"22":0,"23":0,"24":4,"25":1,"26":0,"27":0,"28":0,"29":0,"30":0,"31":0,"32":0,"33":0,"34":0,"35":0,"36":0,"37":0,"38":1,"39":1,"40":6,"41":6,"42":2,"43":2,"44":1,"45":1,"46":2,"47":2,"48":0,"49":0,"50":1,"51":6,"52":1,"53":3,"54":1,"55":0,"56":0,"57":0,"58":0,"59":0,"60":0},"f":{"0":0,"1":1,"2":0,"3":4,"4":0,"5":0,"6":1,"7":6,"8":3,"9":0},"b":{"0":[0,0],"1":[0,0],"2":[0,0],"3":[0,0],"4":[0,0,0,0,0],"5":[2,1,2,0,1]}}
}
