TN:
SF:src/evaluate.ts
FN:13,calculate
FN:26,splitTokens
FN:37,evaluteExpression
FN:56,isNumber
FN:61,evaluateParanthesisExpression
FN:70,evaluateOperatorExpression
FN:82,peek
FN:87,convertOperator
FN:109,getPrecedence
FN:114,applyOperator
FNF:10
FNH:5
FNDA:0,calculate
FNDA:1,splitTokens
FNDA:0,evaluteExpression
FNDA:4,isNumber
FNDA:0,evaluateParanthesisExpression
FNDA:0,evaluateOperatorExpression
FNDA:1,peek
FNDA:6,convertOperator
FNDA:3,getPrecedence
FNDA:0,applyOperator
DA:13,1
DA:14,0
DA:15,0
DA:16,0
DA:17,0
DA:19,0
DA:20,0
DA:22,0
DA:26,1
DA:27,1
DA:28,1
DA:30,1
DA:31,3
DA:33,1
DA:38,0
DA:39,0
DA:41,0
DA:42,0
DA:44,0
DA:45,0
DA:46,0
DA:49,0
DA:50,0
DA:52,0
DA:56,1
DA:58,4
DA:62,0
DA:63,0
DA:64,0
DA:65,0
DA:67,0
DA:71,0
DA:72,0
DA:73,0
DA:74,0
DA:75,0
DA:76,0
DA:78,0
DA:82,1
DA:83,1
DA:87,1
DA:88,6
DA:89,6
DA:91,2
DA:92,2
DA:94,1
DA:95,1
DA:97,2
DA:98,2
DA:100,0
DA:101,0
DA:103,1
DA:105,6
DA:109,1
DA:110,3
DA:115,0
DA:116,0
DA:117,0
DA:118,0
DA:119,0
DA:120,0
LF:61
LH:24
BRDA:38,0,0,0
BRDA:38,0,1,0
BRDA:41,1,0,0
BRDA:41,1,1,0
BRDA:44,2,0,0
BRDA:44,2,1,0
BRDA:63,3,0,0
BRDA:63,3,1,0
BRDA:74,4,0,0
BRDA:74,4,1,0
BRDA:74,4,2,0
BRDA:74,4,3,0
BRDA:74,4,4,0
BRDA:90,5,0,2
BRDA:90,5,1,1
BRDA:90,5,2,2
BRDA:90,5,3,0
BRDA:90,5,4,1
BRF:18
BRH:4
end_of_record
